Using pre-set license
Built from '2020.3/staging' branch; Version is '2020.3.3f1 (76626098c1c4) revision 7758432'; Using compiler version '192528614'; Build Type 'Release'
OS: 'Windows 10 Home; OS build 19043.1288; Version 2009; 64bit' Language: 'pl' Physical Memory: 16347 MB
BatchMode: 1, IsHumanControllingUs: 0, StartBugReporterOnCrash: 0, Is64bit: 1, IsPro: 0

 COMMAND LINE ARGUMENTS:
E:\Unity\2020.3.3f1\Editor\Unity.exe
-adb2
-batchMode
-noUpm
-name
AssetImportWorker0
-projectPath
D:/CV/CV
-logFile
Logs/AssetImportWorker0.log
-srvPort
56963
Successfully changed project path to: D:/CV/CV
D:/CV/CV
Using Asset Import Pipeline V2.
Refreshing native plugins compatible for Editor in 37.03 ms, found 0 plugins.
Preloading 0 native plugins for Editor in 0.00 ms.
Initialize engine version: 2020.3.3f1 (76626098c1c4)
[Subsystems] Discovering subsystems at path E:/Unity/2020.3.3f1/Editor/Data/Resources/UnitySubsystems
[Subsystems] Discovering subsystems at path D:/CV/CV/Assets
GfxDevice: creating device client; threaded=0
Direct3D:
    Version:  Direct3D 11.0 [level 11.1]
    Renderer: NVIDIA GeForce GTX 960 (ID=0x1401)
    Vendor:   
    VRAM:     4053 MB
    Driver:   30.0.14.7212
Initialize mono
Mono path[0] = 'E:/Unity/2020.3.3f1/Editor/Data/Managed'
Mono path[1] = 'E:/Unity/2020.3.3f1/Editor/Data/MonoBleedingEdge/lib/mono/unityjit'
Mono config path = 'E:/Unity/2020.3.3f1/Editor/Data/MonoBleedingEdge/etc'
Using monoOptions --debugger-agent=transport=dt_socket,embedding=1,server=y,suspend=n,address=127.0.0.1:56964
Begin MonoManager ReloadAssembly
Registering precompiled unity dll's ...
Register platform support module: E:/Unity/2020.3.3f1/Editor/Data/PlaybackEngines/WindowsStandaloneSupport/UnityEditor.WindowsStandalone.Extensions.dll
Registered in 0.002323 seconds.
Native extension for WindowsStandalone target not found
Refreshing native plugins compatible for Editor in 42.17 ms, found 0 plugins.
Preloading 0 native plugins for Editor in 0.00 ms.
Invoked RoslynAnalysisRunner static constructor.
RoslynAnalysisRunner will not be running.
RoslynAnalysisRunner has terminated.
Mono: successfully reloaded assembly
- Completed reload, in  1.932 seconds
Platform modules already initialized, skipping
Registering precompiled user dll's ...
Registered in 0.000808 seconds.
Begin MonoManager ReloadAssembly
Native extension for WindowsStandalone target not found
Refreshing native plugins compatible for Editor in 0.31 ms, found 0 plugins.
Preloading 0 native plugins for Editor in 0.00 ms.
Invoked RoslynAnalysisRunner static constructor.
RoslynAnalysisRunner will not be running.
RoslynAnalysisRunner has terminated.
Mono: successfully reloaded assembly
- Completed reload, in  1.261 seconds
Platform modules already initialized, skipping
========================================================================
Worker process is ready to serve import requests
Launched and connected shader compiler UnityShaderCompiler.exe after 0.07 seconds
Refreshing native plugins compatible for Editor in 0.57 ms, found 0 plugins.
Preloading 0 native plugins for Editor in 0.00 ms.
Unloading 1116 Unused Serialized files (Serialized files now loaded: 0)
System memory in use before: 58.6 MB.
System memory in use after: 58.6 MB.

Unloading 10 unused Assets to reduce memory usage. Loaded Objects now: 1560.
Total: 3.074000 ms (FindLiveObjects: 0.310100 ms CreateObjectMapping: 0.081600 ms MarkObjects: 2.564800 ms  DeleteObjects: 0.115900 ms)

========================================================================
Received Import Request.
  path: Assets/CameraFollow.cs
  artifactKey: Guid(0bc98e615d1dfc64aa607c056255aa95) Importer(815301076,1909f56bfc062723c751e8b465ee728b)
Start importing Assets/CameraFollow.cs using Guid(0bc98e615d1dfc64aa607c056255aa95) Importer(815301076,1909f56bfc062723c751e8b465ee728b)  -> (artifact id: '4c5254404f832a00fb487fa12cfad35e') in 0.112666 seconds
  Import took 0.115620 seconds .

========================================================================
Received Import Request.
  Time since last request: 223.474356 seconds.
  path: Assets/CameraFollow.cs
  artifactKey: Guid(0bc98e615d1dfc64aa607c056255aa95) Importer(815301076,1909f56bfc062723c751e8b465ee728b)
Start importing Assets/CameraFollow.cs using Guid(0bc98e615d1dfc64aa607c056255aa95) Importer(815301076,1909f56bfc062723c751e8b465ee728b)  -> (artifact id: '82ef072ee5db420354ae12634d6fea99') in 0.004333 seconds
  Import took 0.007536 seconds .

========================================================================
Received Import Request.
  Time since last request: 0.002650 seconds.
  path: Assets/CameraFollow.cs
  artifactKey: Guid(0bc98e615d1dfc64aa607c056255aa95) Importer(815301076,1909f56bfc062723c751e8b465ee728b)
Start importing Assets/CameraFollow.cs using Guid(0bc98e615d1dfc64aa607c056255aa95) Importer(815301076,1909f56bfc062723c751e8b465ee728b)  -> (artifact id: '82ef072ee5db420354ae12634d6fea99') in 0.002991 seconds
  Import took 0.005609 seconds .

========================================================================
Received Import Request.
  Time since last request: 6.936299 seconds.
  path: Assets/CameraFollow.cs
  artifactKey: Guid(0bc98e615d1dfc64aa607c056255aa95) Importer(815301076,1909f56bfc062723c751e8b465ee728b)
Start importing Assets/CameraFollow.cs using Guid(0bc98e615d1dfc64aa607c056255aa95) Importer(815301076,1909f56bfc062723c751e8b465ee728b)  -> (artifact id: '92136138e835b24e6ef6f71e9c853df7') in 0.004532 seconds
  Import took 0.010335 seconds .

========================================================================
Received Import Request.
  Time since last request: 0.002355 seconds.
  path: Assets/CameraFollow.cs
  artifactKey: Guid(0bc98e615d1dfc64aa607c056255aa95) Importer(815301076,1909f56bfc062723c751e8b465ee728b)
Start importing Assets/CameraFollow.cs using Guid(0bc98e615d1dfc64aa607c056255aa95) Importer(815301076,1909f56bfc062723c751e8b465ee728b)  -> (artifact id: '92136138e835b24e6ef6f71e9c853df7') in 0.003873 seconds
  Import took 0.006820 seconds .

========================================================================
Received Prepare
Registering precompiled user dll's ...
Registered in 0.000706 seconds.
Begin MonoManager ReloadAssembly
Native extension for WindowsStandalone target not found
Refreshing native plugins compatible for Editor in 0.30 ms, found 0 plugins.
Preloading 0 native plugins for Editor in 0.00 ms.
Invoked RoslynAnalysisRunner static constructor.
RoslynAnalysisRunner will not be running.
RoslynAnalysisRunner has terminated.
Mono: successfully reloaded assembly
- Completed reload, in  0.968 seconds
Platform modules already initialized, skipping
Refreshing native plugins compatible for Editor in 0.62 ms, found 0 plugins.
Preloading 0 native plugins for Editor in 0.00 ms.
Unloading 1111 Unused Serialized files (Serialized files now loaded: 0)
System memory in use before: 58.5 MB.
System memory in use after: 58.6 MB.

Unloading 5 unused Assets to reduce memory usage. Loaded Objects now: 1563.
Total: 2.425400 ms (FindLiveObjects: 0.275400 ms CreateObjectMapping: 0.070800 ms MarkObjects: 2.004800 ms  DeleteObjects: 0.072200 ms)

========================================================================
Received Prepare
Registering precompiled user dll's ...
Registered in 0.001233 seconds.
Begin MonoManager ReloadAssembly
Native extension for WindowsStandalone target not found
Refreshing native plugins compatible for Editor in 0.32 ms, found 0 plugins.
Preloading 0 native plugins for Editor in 0.00 ms.
Invoked RoslynAnalysisRunner static constructor.
RoslynAnalysisRunner will not be running.
RoslynAnalysisRunner has terminated.
Mono: successfully reloaded assembly
- Completed reload, in  1.068 seconds
Platform modules already initialized, skipping
Refreshing native plugins compatible for Editor in 0.51 ms, found 0 plugins.
Preloading 0 native plugins for Editor in 0.00 ms.
Unloading 1112 Unused Serialized files (Serialized files now loaded: 0)
System memory in use before: 58.5 MB.
System memory in use after: 58.6 MB.

Unloading 5 unused Assets to reduce memory usage. Loaded Objects now: 1567.
Total: 1.933000 ms (FindLiveObjects: 0.250300 ms CreateObjectMapping: 0.084400 ms MarkObjects: 1.518100 ms  DeleteObjects: 0.079100 ms)

========================================================================
Received Prepare
Registering precompiled user dll's ...
Registered in 0.000894 seconds.
Begin MonoManager ReloadAssembly
Native extension for WindowsStandalone target not found
Refreshing native plugins compatible for Editor in 0.29 ms, found 0 plugins.
Preloading 0 native plugins for Editor in 0.00 ms.
Invoked RoslynAnalysisRunner static constructor.
RoslynAnalysisRunner will not be running.
RoslynAnalysisRunner has terminated.
Mono: successfully reloaded assembly
- Completed reload, in  0.960 seconds
Platform modules already initialized, skipping
Refreshing native plugins compatible for Editor in 0.34 ms, found 0 plugins.
Preloading 0 native plugins for Editor in 0.00 ms.
Unloading 1112 Unused Serialized files (Serialized files now loaded: 0)
System memory in use before: 58.5 MB.
System memory in use after: 58.6 MB.

Unloading 5 unused Assets to reduce memory usage. Loaded Objects now: 1570.
Total: 3.140600 ms (FindLiveObjects: 0.260800 ms CreateObjectMapping: 0.082600 ms MarkObjects: 2.739600 ms  DeleteObjects: 0.055700 ms)

========================================================================
Received Prepare
Registering precompiled user dll's ...
Registered in 0.000704 seconds.
Begin MonoManager ReloadAssembly
Native extension for WindowsStandalone target not found
Refreshing native plugins compatible for Editor in 0.30 ms, found 0 plugins.
Preloading 0 native plugins for Editor in 0.00 ms.
Invoked RoslynAnalysisRunner static constructor.
RoslynAnalysisRunner will not be running.
RoslynAnalysisRunner has terminated.
Mono: successfully reloaded assembly
- Completed reload, in  0.948 seconds
Platform modules already initialized, skipping
Refreshing native plugins compatible for Editor in 0.40 ms, found 0 plugins.
Preloading 0 native plugins for Editor in 0.00 ms.
Unloading 1112 Unused Serialized files (Serialized files now loaded: 0)
System memory in use before: 58.6 MB.
System memory in use after: 58.6 MB.

Unloading 5 unused Assets to reduce memory usage. Loaded Objects now: 1573.
Total: 2.284400 ms (FindLiveObjects: 0.340400 ms CreateObjectMapping: 0.099000 ms MarkObjects: 1.771500 ms  DeleteObjects: 0.072000 ms)

========================================================================
Received Prepare
Registering precompiled user dll's ...
Registered in 0.001036 seconds.
Begin MonoManager ReloadAssembly
Native extension for WindowsStandalone target not found
Refreshing native plugins compatible for Editor in 0.30 ms, found 0 plugins.
Preloading 0 native plugins for Editor in 0.00 ms.
Invoked RoslynAnalysisRunner static constructor.
RoslynAnalysisRunner will not be running.
RoslynAnalysisRunner has terminated.
Mono: successfully reloaded assembly
- Completed reload, in  0.864 seconds
Platform modules already initialized, skipping
Refreshing native plugins compatible for Editor in 0.30 ms, found 0 plugins.
Preloading 0 native plugins for Editor in 0.00 ms.
Unloading 1112 Unused Serialized files (Serialized files now loaded: 0)
System memory in use before: 58.6 MB.
System memory in use after: 58.6 MB.

Unloading 5 unused Assets to reduce memory usage. Loaded Objects now: 1576.
Total: 2.825100 ms (FindLiveObjects: 0.146600 ms CreateObjectMapping: 0.037800 ms MarkObjects: 2.570900 ms  DeleteObjects: 0.068500 ms)

========================================================================
Received Prepare
Registering precompiled user dll's ...
Registered in 0.000621 seconds.
Begin MonoManager ReloadAssembly
Native extension for WindowsStandalone target not found
Refreshing native plugins compatible for Editor in 0.36 ms, found 0 plugins.
Preloading 0 native plugins for Editor in 0.00 ms.
Invoked RoslynAnalysisRunner static constructor.
RoslynAnalysisRunner will not be running.
RoslynAnalysisRunner has terminated.
Mono: successfully reloaded assembly
- Completed reload, in  0.907 seconds
Platform modules already initialized, skipping
Refreshing native plugins compatible for Editor in 0.44 ms, found 0 plugins.
Preloading 0 native plugins for Editor in 0.00 ms.
Unloading 1112 Unused Serialized files (Serialized files now loaded: 0)
System memory in use before: 58.6 MB.
System memory in use after: 58.6 MB.

Unloading 5 unused Assets to reduce memory usage. Loaded Objects now: 1579.
Total: 1.848900 ms (FindLiveObjects: 0.197900 ms CreateObjectMapping: 0.061800 ms MarkObjects: 1.541600 ms  DeleteObjects: 0.046400 ms)

========================================================================
Received Prepare
Registering precompiled user dll's ...
Registered in 0.001346 seconds.
Begin MonoManager ReloadAssembly
Native extension for WindowsStandalone target not found
Refreshing native plugins compatible for Editor in 0.38 ms, found 0 plugins.
Preloading 0 native plugins for Editor in 0.00 ms.
Invoked RoslynAnalysisRunner static constructor.
RoslynAnalysisRunner will not be running.
RoslynAnalysisRunner has terminated.
Mono: successfully reloaded assembly
- Completed reload, in  1.134 seconds
Platform modules already initialized, skipping
Refreshing native plugins compatible for Editor in 0.40 ms, found 0 plugins.
Preloading 0 native plugins for Editor in 0.00 ms.
Unloading 1112 Unused Serialized files (Serialized files now loaded: 0)
System memory in use before: 58.6 MB.
System memory in use after: 58.6 MB.

Unloading 5 unused Assets to reduce memory usage. Loaded Objects now: 1582.
Total: 3.362600 ms (FindLiveObjects: 0.151200 ms CreateObjectMapping: 0.054400 ms MarkObjects: 3.079600 ms  DeleteObjects: 0.074900 ms)

========================================================================
Received Prepare
Registering precompiled user dll's ...
Registered in 0.001265 seconds.
Begin MonoManager ReloadAssembly
Native extension for WindowsStandalone target not found
Refreshing native plugins compatible for Editor in 0.33 ms, found 0 plugins.
Preloading 0 native plugins for Editor in 0.00 ms.
Invoked RoslynAnalysisRunner static constructor.
RoslynAnalysisRunner will not be running.
RoslynAnalysisRunner has terminated.
Mono: successfully reloaded assembly
- Completed reload, in  0.864 seconds
Platform modules already initialized, skipping
Refreshing native plugins compatible for Editor in 0.34 ms, found 0 plugins.
Preloading 0 native plugins for Editor in 0.00 ms.
Unloading 1112 Unused Serialized files (Serialized files now loaded: 0)
System memory in use before: 58.6 MB.
System memory in use after: 58.7 MB.

Unloading 5 unused Assets to reduce memory usage. Loaded Objects now: 1585.
Total: 1.767200 ms (FindLiveObjects: 0.178000 ms CreateObjectMapping: 0.030900 ms MarkObjects: 1.448100 ms  DeleteObjects: 0.108900 ms)

========================================================================
Received Prepare
Registering precompiled user dll's ...
Registered in 0.000643 seconds.
Begin MonoManager ReloadAssembly
Native extension for WindowsStandalone target not found
Refreshing native plugins compatible for Editor in 0.49 ms, found 0 plugins.
Preloading 0 native plugins for Editor in 0.00 ms.
Invoked RoslynAnalysisRunner static constructor.
RoslynAnalysisRunner will not be running.
RoslynAnalysisRunner has terminated.
Mono: successfully reloaded assembly
- Completed reload, in  0.855 seconds
Platform modules already initialized, skipping
Refreshing native plugins compatible for Editor in 0.30 ms, found 0 plugins.
Preloading 0 native plugins for Editor in 0.00 ms.
Unloading 1112 Unused Serialized files (Serialized files now loaded: 0)
System memory in use before: 58.6 MB.
System memory in use after: 58.7 MB.

Unloading 5 unused Assets to reduce memory usage. Loaded Objects now: 1588.
Total: 2.986300 ms (FindLiveObjects: 0.277100 ms CreateObjectMapping: 0.070000 ms MarkObjects: 2.568800 ms  DeleteObjects: 0.067800 ms)

========================================================================
Received Prepare
Registering precompiled user dll's ...
Registered in 0.000752 seconds.
Begin MonoManager ReloadAssembly
Native extension for WindowsStandalone target not found
Refreshing native plugins compatible for Editor in 0.56 ms, found 0 plugins.
Preloading 0 native plugins for Editor in 0.00 ms.
Invoked RoslynAnalysisRunner static constructor.
RoslynAnalysisRunner will not be running.
RoslynAnalysisRunner has terminated.
Mono: successfully reloaded assembly
- Completed reload, in  0.899 seconds
Platform modules already initialized, skipping
Refreshing native plugins compatible for Editor in 0.32 ms, found 0 plugins.
Preloading 0 native plugins for Editor in 0.00 ms.
Unloading 1112 Unused Serialized files (Serialized files now loaded: 0)
System memory in use before: 58.6 MB.
System memory in use after: 58.7 MB.

Unloading 5 unused Assets to reduce memory usage. Loaded Objects now: 1591.
Total: 1.653500 ms (FindLiveObjects: 0.160300 ms CreateObjectMapping: 0.038700 ms MarkObjects: 1.407600 ms  DeleteObjects: 0.045800 ms)

========================================================================
Received Import Request.
  Time since last request: 924.588338 seconds.
  path: Assets/PolygonWestern/trains/assets2/Train.prefab
  artifactKey: Guid(1f57ae841f65a2e42ba20f72025f11b5) Importer(815301076,1909f56bfc062723c751e8b465ee728b)
Start importing Assets/PolygonWestern/trains/assets2/Train.prefab using Guid(1f57ae841f65a2e42ba20f72025f11b5) Importer(815301076,1909f56bfc062723c751e8b465ee728b)  -> (artifact id: 'dc5493fcd8f497d5e5146989660d5e51') in 0.139481 seconds
  Import took 0.142856 seconds .

========================================================================
Received Prepare
Registering precompiled user dll's ...
Registered in 0.000627 seconds.
Begin MonoManager ReloadAssembly
Native extension for WindowsStandalone target not found
Refreshing native plugins compatible for Editor in 0.47 ms, found 0 plugins.
Preloading 0 native plugins for Editor in 0.00 ms.
Invoked RoslynAnalysisRunner static constructor.
RoslynAnalysisRunner will not be running.
RoslynAnalysisRunner has terminated.
Mono: successfully reloaded assembly
- Completed reload, in  0.869 seconds
Platform modules already initialized, skipping
Refreshing native plugins compatible for Editor in 0.47 ms, found 0 plugins.
Preloading 0 native plugins for Editor in 0.00 ms.
Unloading 1112 Unused Serialized files (Serialized files now loaded: 0)
System memory in use before: 61.7 MB.
System memory in use after: 61.8 MB.

Unloading 5 unused Assets to reduce memory usage. Loaded Objects now: 1601.
Total: 1.954300 ms (FindLiveObjects: 0.140800 ms CreateObjectMapping: 0.048900 ms MarkObjects: 1.702700 ms  DeleteObjects: 0.060800 ms)

========================================================================
Received Import Request.
  Time since last request: 8.059687 seconds.
  path: Assets/PolygonWestern/trains/assets2/Train.prefab
  artifactKey: Guid(1f57ae841f65a2e42ba20f72025f11b5) Importer(815301076,1909f56bfc062723c751e8b465ee728b)
Start importing Assets/PolygonWestern/trains/assets2/Train.prefab using Guid(1f57ae841f65a2e42ba20f72025f11b5) Importer(815301076,1909f56bfc062723c751e8b465ee728b)  -> (artifact id: 'f4f92ec1f082a68accdf37208556da31') in 0.077708 seconds
  Import took 0.080265 seconds .

========================================================================
Received Import Request.
  Time since last request: 2.456510 seconds.
  path: Assets/PolygonWestern/trains/assets2/Train.prefab
  artifactKey: Guid(1f57ae841f65a2e42ba20f72025f11b5) Importer(815301076,1909f56bfc062723c751e8b465ee728b)
Start importing Assets/PolygonWestern/trains/assets2/Train.prefab using Guid(1f57ae841f65a2e42ba20f72025f11b5) Importer(815301076,1909f56bfc062723c751e8b465ee728b)  -> (artifact id: '8fb7c9e252465b75e1d3faada62914d4') in 0.039798 seconds
  Import took 0.044797 seconds .

========================================================================
Received Import Request.
  Time since last request: 11.511125 seconds.
  path: Assets/PolygonWestern/trains/assets2/Train.prefab
  artifactKey: Guid(1f57ae841f65a2e42ba20f72025f11b5) Importer(815301076,1909f56bfc062723c751e8b465ee728b)
Start importing Assets/PolygonWestern/trains/assets2/Train.prefab using Guid(1f57ae841f65a2e42ba20f72025f11b5) Importer(815301076,1909f56bfc062723c751e8b465ee728b)  -> (artifact id: 'e66a531ead65da217f70ae7a90d48bca') in 0.021744 seconds
  Import took 0.024276 seconds .

========================================================================
Received Import Request.
  Time since last request: 6.221940 seconds.
  path: Assets/PolygonWestern/trains/assets2/Train.prefab
  artifactKey: Guid(1f57ae841f65a2e42ba20f72025f11b5) Importer(815301076,1909f56bfc062723c751e8b465ee728b)
Start importing Assets/PolygonWestern/trains/assets2/Train.prefab using Guid(1f57ae841f65a2e42ba20f72025f11b5) Importer(815301076,1909f56bfc062723c751e8b465ee728b)  -> (artifact id: '0a4630f3a8f1038939ad24f90eac0107') in 0.016581 seconds
  Import took 0.020088 seconds .

========================================================================
Received Import Request.
  Time since last request: 3.256286 seconds.
  path: Assets/PolygonWestern/trains/assets2/Train.prefab
  artifactKey: Guid(1f57ae841f65a2e42ba20f72025f11b5) Importer(815301076,1909f56bfc062723c751e8b465ee728b)
Start importing Assets/PolygonWestern/trains/assets2/Train.prefab using Guid(1f57ae841f65a2e42ba20f72025f11b5) Importer(815301076,1909f56bfc062723c751e8b465ee728b)  -> (artifact id: '94ecc20b99f9dbcb6b4d4f68dc2a7c9f') in 0.017214 seconds
  Import took 0.022644 seconds .

========================================================================
Received Prepare
Registering precompiled user dll's ...
Registered in 0.000735 seconds.
Begin MonoManager ReloadAssembly
Native extension for WindowsStandalone target not found
Refreshing native plugins compatible for Editor in 0.30 ms, found 0 plugins.
Preloading 0 native plugins for Editor in 0.00 ms.
Invoked RoslynAnalysisRunner static constructor.
RoslynAnalysisRunner will not be running.
RoslynAnalysisRunner has terminated.
Mono: successfully reloaded assembly
- Completed reload, in  0.848 seconds
Platform modules already initialized, skipping
Refreshing native plugins compatible for Editor in 0.54 ms, found 0 plugins.
Preloading 0 native plugins for Editor in 0.00 ms.
Unloading 1112 Unused Serialized files (Serialized files now loaded: 0)
System memory in use before: 61.7 MB.
System memory in use after: 61.8 MB.

Unloading 5 unused Assets to reduce memory usage. Loaded Objects now: 1605.
Total: 2.093500 ms (FindLiveObjects: 0.254000 ms CreateObjectMapping: 0.073300 ms MarkObjects: 1.710200 ms  DeleteObjects: 0.054300 ms)

========================================================================
Received Prepare
Registering precompiled user dll's ...
Registered in 0.000843 seconds.
Begin MonoManager ReloadAssembly
Native extension for WindowsStandalone target not found
Refreshing native plugins compatible for Editor in 0.37 ms, found 0 plugins.
Preloading 0 native plugins for Editor in 0.00 ms.
Invoked RoslynAnalysisRunner static constructor.
RoslynAnalysisRunner will not be running.
RoslynAnalysisRunner has terminated.
Mono: successfully reloaded assembly
- Completed reload, in  0.846 seconds
Platform modules already initialized, skipping
Refreshing native plugins compatible for Editor in 0.33 ms, found 0 plugins.
Preloading 0 native plugins for Editor in 0.00 ms.
Unloading 1112 Unused Serialized files (Serialized files now loaded: 0)
System memory in use before: 61.7 MB.
System memory in use after: 61.8 MB.

Unloading 5 unused Assets to reduce memory usage. Loaded Objects now: 1608.
Total: 2.000700 ms (FindLiveObjects: 0.212300 ms CreateObjectMapping: 0.047100 ms MarkObjects: 1.656800 ms  DeleteObjects: 0.083200 ms)

========================================================================
Received Import Request.
  Time since last request: 51.913455 seconds.
  path: Assets/PolygonWestern/trains/assets2/Train.prefab
  artifactKey: Guid(1f57ae841f65a2e42ba20f72025f11b5) Importer(815301076,1909f56bfc062723c751e8b465ee728b)
Start importing Assets/PolygonWestern/trains/assets2/Train.prefab using Guid(1f57ae841f65a2e42ba20f72025f11b5) Importer(815301076,1909f56bfc062723c751e8b465ee728b)  -> (artifact id: 'ab7c5d9679c86bef45a5d5fb1ec79b64') in 0.069034 seconds
  Import took 0.072902 seconds .

========================================================================
Received Prepare
Registering precompiled user dll's ...
Registered in 0.001160 seconds.
Begin MonoManager ReloadAssembly
Native extension for WindowsStandalone target not found
Refreshing native plugins compatible for Editor in 0.53 ms, found 0 plugins.
Preloading 0 native plugins for Editor in 0.00 ms.
Invoked RoslynAnalysisRunner static constructor.
RoslynAnalysisRunner will not be running.
RoslynAnalysisRunner has terminated.
Mono: successfully reloaded assembly
- Completed reload, in  1.110 seconds
Platform modules already initialized, skipping
Refreshing native plugins compatible for Editor in 0.43 ms, found 0 plugins.
Preloading 0 native plugins for Editor in 0.00 ms.
Unloading 1112 Unused Serialized files (Serialized files now loaded: 0)
System memory in use before: 61.8 MB.
System memory in use after: 61.8 MB.

Unloading 5 unused Assets to reduce memory usage. Loaded Objects now: 1612.
Total: 2.111500 ms (FindLiveObjects: 0.180300 ms CreateObjectMapping: 0.044000 ms MarkObjects: 1.828300 ms  DeleteObjects: 0.057500 ms)

========================================================================
Received Prepare
Registering precompiled user dll's ...
Registered in 0.000793 seconds.
Begin MonoManager ReloadAssembly
Native extension for WindowsStandalone target not found
Refreshing native plugins compatible for Editor in 0.42 ms, found 0 plugins.
Preloading 0 native plugins for Editor in 0.00 ms.
Invoked RoslynAnalysisRunner static constructor.
RoslynAnalysisRunner will not be running.
RoslynAnalysisRunner has terminated.
Mono: successfully reloaded assembly
- Completed reload, in  0.937 seconds
Platform modules already initialized, skipping
Refreshing native plugins compatible for Editor in 0.32 ms, found 0 plugins.
Preloading 0 native plugins for Editor in 0.00 ms.
Unloading 1112 Unused Serialized files (Serialized files now loaded: 0)
System memory in use before: 61.8 MB.
System memory in use after: 61.8 MB.

Unloading 5 unused Assets to reduce memory usage. Loaded Objects now: 1615.
Total: 2.460900 ms (FindLiveObjects: 0.263000 ms CreateObjectMapping: 0.074500 ms MarkObjects: 2.039700 ms  DeleteObjects: 0.081900 ms)

========================================================================
Received Prepare
Registering precompiled user dll's ...
Registered in 0.001075 seconds.
Begin MonoManager ReloadAssembly
Native extension for WindowsStandalone target not found
Refreshing native plugins compatible for Editor in 0.28 ms, found 0 plugins.
Preloading 0 native plugins for Editor in 0.00 ms.
Invoked RoslynAnalysisRunner static constructor.
RoslynAnalysisRunner will not be running.
RoslynAnalysisRunner has terminated.
Mono: successfully reloaded assembly
- Completed reload, in  0.846 seconds
Platform modules already initialized, skipping
Refreshing native plugins compatible for Editor in 0.33 ms, found 0 plugins.
Preloading 0 native plugins for Editor in 0.00 ms.
Unloading 1112 Unused Serialized files (Serialized files now loaded: 0)
System memory in use before: 61.8 MB.
System memory in use after: 61.8 MB.

Unloading 5 unused Assets to reduce memory usage. Loaded Objects now: 1618.
Total: 2.322100 ms (FindLiveObjects: 0.204800 ms CreateObjectMapping: 0.047800 ms MarkObjects: 1.986000 ms  DeleteObjects: 0.082300 ms)

========================================================================
Received Prepare
Registering precompiled user dll's ...
Registered in 0.001112 seconds.
Begin MonoManager ReloadAssembly
Native extension for WindowsStandalone target not found
Refreshing native plugins compatible for Editor in 0.35 ms, found 0 plugins.
Preloading 0 native plugins for Editor in 0.00 ms.
Invoked RoslynAnalysisRunner static constructor.
RoslynAnalysisRunner will not be running.
RoslynAnalysisRunner has terminated.
Mono: successfully reloaded assembly
- Completed reload, in  0.795 seconds
Platform modules already initialized, skipping
Refreshing native plugins compatible for Editor in 0.54 ms, found 0 plugins.
Preloading 0 native plugins for Editor in 0.00 ms.
Unloading 1112 Unused Serialized files (Serialized files now loaded: 0)
System memory in use before: 61.8 MB.
System memory in use after: 61.8 MB.

Unloading 5 unused Assets to reduce memory usage. Loaded Objects now: 1621.
Total: 3.336200 ms (FindLiveObjects: 0.300100 ms CreateObjectMapping: 0.099700 ms MarkObjects: 2.855300 ms  DeleteObjects: 0.079100 ms)

========================================================================
Received Prepare
Registering precompiled user dll's ...
Registered in 0.000637 seconds.
Begin MonoManager ReloadAssembly
Native extension for WindowsStandalone target not found
Refreshing native plugins compatible for Editor in 0.49 ms, found 0 plugins.
Preloading 0 native plugins for Editor in 0.00 ms.
Invoked RoslynAnalysisRunner static constructor.
RoslynAnalysisRunner will not be running.
RoslynAnalysisRunner has terminated.
Mono: successfully reloaded assembly
- Completed reload, in  0.804 seconds
Platform modules already initialized, skipping
Refreshing native plugins compatible for Editor in 0.40 ms, found 0 plugins.
Preloading 0 native plugins for Editor in 0.00 ms.
Unloading 1112 Unused Serialized files (Serialized files now loaded: 0)
System memory in use before: 61.8 MB.
System memory in use after: 61.8 MB.

Unloading 5 unused Assets to reduce memory usage. Loaded Objects now: 1624.
Total: 2.692100 ms (FindLiveObjects: 0.209400 ms CreateObjectMapping: 0.107500 ms MarkObjects: 2.267600 ms  DeleteObjects: 0.106300 ms)

========================================================================
Received Import Request.
  Time since last request: 820.128663 seconds.
  path: Assets/PolygonWestern/trains/SM_Env_Train_Track_Straight_01 (4).prefab
  artifactKey: Guid(75eee9fdb4ffbd244b1f18ffea2e1b6a) Importer(815301076,1909f56bfc062723c751e8b465ee728b)
Start importing Assets/PolygonWestern/trains/SM_Env_Train_Track_Straight_01 (4).prefab using Guid(75eee9fdb4ffbd244b1f18ffea2e1b6a) Importer(815301076,1909f56bfc062723c751e8b465ee728b)  -> (artifact id: '0ea2c91d1925b480aaeb8134b6380d4d') in 0.083628 seconds
  Import took 0.086939 seconds .

========================================================================
Received Import Request.
  Time since last request: 0.671738 seconds.
  path: Assets/PolygonWestern/trains/SM_Env_Train_Track_Straight_01 (4).prefab
  artifactKey: Guid(75eee9fdb4ffbd244b1f18ffea2e1b6a) Importer(815301076,1909f56bfc062723c751e8b465ee728b)
Start importing Assets/PolygonWestern/trains/SM_Env_Train_Track_Straight_01 (4).prefab using Guid(75eee9fdb4ffbd244b1f18ffea2e1b6a) Importer(815301076,1909f56bfc062723c751e8b465ee728b)  -> (artifact id: '7dcfd6c5d4a0f20e6d9a175e8db8f796') in 0.024310 seconds
  Import took 0.027144 seconds .

========================================================================
Received Import Request.
  Time since last request: 7.820341 seconds.
  path: Assets/PolygonWestern/trains/SM_Env_Train_Track_Straight_01 (4).prefab
  artifactKey: Guid(75eee9fdb4ffbd244b1f18ffea2e1b6a) Importer(815301076,1909f56bfc062723c751e8b465ee728b)
Start importing Assets/PolygonWestern/trains/SM_Env_Train_Track_Straight_01 (4).prefab using Guid(75eee9fdb4ffbd244b1f18ffea2e1b6a) Importer(815301076,1909f56bfc062723c751e8b465ee728b)  -> (artifact id: 'bc9bb16f71bd1d2391a06657e9df7c66') in 0.023027 seconds
  Import took 0.026737 seconds .

========================================================================
Received Import Request.
  Time since last request: 11.405472 seconds.
  path: Assets/PolygonWestern/trains/SM_Env_Train_Track_Straight_01 (1).prefab
  artifactKey: Guid(9cd98a235c289e342bbd7aae32d9035b) Importer(815301076,1909f56bfc062723c751e8b465ee728b)
Start importing Assets/PolygonWestern/trains/SM_Env_Train_Track_Straight_01 (1).prefab using Guid(9cd98a235c289e342bbd7aae32d9035b) Importer(815301076,1909f56bfc062723c751e8b465ee728b)  -> (artifact id: '955fff97dd0f953d607e048b532e36ba') in 0.031500 seconds
  Import took 0.035104 seconds .

========================================================================
Received Import Request.
  Time since last request: 2.772333 seconds.
  path: Assets/PolygonWestern/trains/SM_Env_Train_Track_Straight_01 (1).prefab
  artifactKey: Guid(9cd98a235c289e342bbd7aae32d9035b) Importer(815301076,1909f56bfc062723c751e8b465ee728b)
Start importing Assets/PolygonWestern/trains/SM_Env_Train_Track_Straight_01 (1).prefab using Guid(9cd98a235c289e342bbd7aae32d9035b) Importer(815301076,1909f56bfc062723c751e8b465ee728b)  -> (artifact id: '8c1ca77934c1b6698ada03609732d430') in 0.019429 seconds
  Import took 0.022874 seconds .

========================================================================
Received Import Request.
  Time since last request: 1.326517 seconds.
  path: Assets/PolygonWestern/trains/SM_Env_Train_Track_Straight_01 (1).prefab
  artifactKey: Guid(9cd98a235c289e342bbd7aae32d9035b) Importer(815301076,1909f56bfc062723c751e8b465ee728b)
Start importing Assets/PolygonWestern/trains/SM_Env_Train_Track_Straight_01 (1).prefab using Guid(9cd98a235c289e342bbd7aae32d9035b) Importer(815301076,1909f56bfc062723c751e8b465ee728b)  -> (artifact id: '85d0fafb082f323b8467df88f36f06d2') in 0.019912 seconds
  Import took 0.023116 seconds .

========================================================================
Received Import Request.
  Time since last request: 6.649800 seconds.
  path: Assets/PolygonWestern/trains/SM_Env_Train_Track_Curve_01.prefab
  artifactKey: Guid(fdfe0777c3ba97d4889d9560ece56bde) Importer(815301076,1909f56bfc062723c751e8b465ee728b)
Start importing Assets/PolygonWestern/trains/SM_Env_Train_Track_Curve_01.prefab using Guid(fdfe0777c3ba97d4889d9560ece56bde) Importer(815301076,1909f56bfc062723c751e8b465ee728b)  -> (artifact id: 'ce5a50a6c21f5c08da537ee3ab7d7e15') in 0.026337 seconds
  Import took 0.028953 seconds .

========================================================================
Received Import Request.
  Time since last request: 3.998827 seconds.
  path: Assets/PolygonWestern/trains/SM_Env_Train_Track_Curve_01.prefab
  artifactKey: Guid(fdfe0777c3ba97d4889d9560ece56bde) Importer(815301076,1909f56bfc062723c751e8b465ee728b)
Start importing Assets/PolygonWestern/trains/SM_Env_Train_Track_Curve_01.prefab using Guid(fdfe0777c3ba97d4889d9560ece56bde) Importer(815301076,1909f56bfc062723c751e8b465ee728b)  -> (artifact id: 'ad76e78bc4487bedbcd3cc7edb017f93') in 0.020265 seconds
  Import took 0.023286 seconds .

========================================================================
Received Import Request.
  Time since last request: 1.544069 seconds.
  path: Assets/PolygonWestern/trains/SM_Env_Train_Track_Curve_01.prefab
  artifactKey: Guid(fdfe0777c3ba97d4889d9560ece56bde) Importer(815301076,1909f56bfc062723c751e8b465ee728b)
Start importing Assets/PolygonWestern/trains/SM_Env_Train_Track_Curve_01.prefab using Guid(fdfe0777c3ba97d4889d9560ece56bde) Importer(815301076,1909f56bfc062723c751e8b465ee728b)  -> (artifact id: '64e5f85bd6d59e7cf2873abe075691b7') in 0.019067 seconds
  Import took 0.021932 seconds .

========================================================================
Received Import Request.
  Time since last request: 38.289030 seconds.
  path: Assets/PolygonWestern/trains/SM_Env_Train_Track_Straight_01 (4).prefab
  artifactKey: Guid(75eee9fdb4ffbd244b1f18ffea2e1b6a) Importer(815301076,1909f56bfc062723c751e8b465ee728b)
Start importing Assets/PolygonWestern/trains/SM_Env_Train_Track_Straight_01 (4).prefab using Guid(75eee9fdb4ffbd244b1f18ffea2e1b6a) Importer(815301076,1909f56bfc062723c751e8b465ee728b)  -> (artifact id: 'a5bb1f47d729b47a9feaf96803dd4855') in 0.018153 seconds
  Import took 0.021320 seconds .

========================================================================
Received Import Request.
  Time since last request: 2.642162 seconds.
  path: Assets/PolygonWestern/trains/SM_Env_Train_Track_Straight_01 (4).prefab
  artifactKey: Guid(75eee9fdb4ffbd244b1f18ffea2e1b6a) Importer(815301076,1909f56bfc062723c751e8b465ee728b)
Start importing Assets/PolygonWestern/trains/SM_Env_Train_Track_Straight_01 (4).prefab using Guid(75eee9fdb4ffbd244b1f18ffea2e1b6a) Importer(815301076,1909f56bfc062723c751e8b465ee728b)  -> (artifact id: '469926887917e2d022a8bb39a500b6dc') in 0.016020 seconds
  Import took 0.018777 seconds .

========================================================================
Received Prepare
Registering precompiled user dll's ...
Registered in 0.000719 seconds.
Begin MonoManager ReloadAssembly
Native extension for WindowsStandalone target not found
Refreshing native plugins compatible for Editor in 0.41 ms, found 0 plugins.
Preloading 0 native plugins for Editor in 0.00 ms.
Invoked RoslynAnalysisRunner static constructor.
RoslynAnalysisRunner will not be running.
RoslynAnalysisRunner has terminated.
Mono: successfully reloaded assembly
- Completed reload, in  0.909 seconds
Platform modules already initialized, skipping
Refreshing native plugins compatible for Editor in 0.33 ms, found 0 plugins.
Preloading 0 native plugins for Editor in 0.00 ms.
Unloading 1112 Unused Serialized files (Serialized files now loaded: 0)
System memory in use before: 61.8 MB.
System memory in use after: 61.9 MB.

Unloading 5 unused Assets to reduce memory usage. Loaded Objects now: 1628.
Total: 1.919900 ms (FindLiveObjects: 0.261700 ms CreateObjectMapping: 0.090300 ms MarkObjects: 1.516500 ms  DeleteObjects: 0.050500 ms)

========================================================================
Received Prepare
Registering precompiled user dll's ...
Registered in 0.000725 seconds.
Begin MonoManager ReloadAssembly
Native extension for WindowsStandalone target not found
Refreshing native plugins compatible for Editor in 0.30 ms, found 0 plugins.
Preloading 0 native plugins for Editor in 0.00 ms.
Invoked RoslynAnalysisRunner static constructor.
RoslynAnalysisRunner will not be running.
RoslynAnalysisRunner has terminated.
Mono: successfully reloaded assembly
- Completed reload, in  0.795 seconds
Platform modules already initialized, skipping
Refreshing native plugins compatible for Editor in 0.47 ms, found 0 plugins.
Preloading 0 native plugins for Editor in 0.00 ms.
Unloading 1112 Unused Serialized files (Serialized files now loaded: 0)
System memory in use before: 61.8 MB.
System memory in use after: 61.9 MB.

Unloading 5 unused Assets to reduce memory usage. Loaded Objects now: 1631.
Total: 1.858300 ms (FindLiveObjects: 0.162200 ms CreateObjectMapping: 0.050600 ms MarkObjects: 1.549000 ms  DeleteObjects: 0.095300 ms)

========================================================================
Received Import Request.
  Time since last request: 407.253086 seconds.
  path: Assets/PolygonWestern/trains/SM_Env_Train_Track_Curve_01.prefab
  artifactKey: Guid(fdfe0777c3ba97d4889d9560ece56bde) Importer(815301076,1909f56bfc062723c751e8b465ee728b)
Start importing Assets/PolygonWestern/trains/SM_Env_Train_Track_Curve_01.prefab using Guid(fdfe0777c3ba97d4889d9560ece56bde) Importer(815301076,1909f56bfc062723c751e8b465ee728b)  -> (artifact id: '2cad0f5f6914c7fccd2b3dabf24ff83e') in 0.065718 seconds
  Import took 0.069141 seconds .

========================================================================
Received Import Request.
  Time since last request: 7.495122 seconds.
  path: Assets/PolygonWestern/trains/SM_Env_Train_Track_Curve_01.prefab
  artifactKey: Guid(fdfe0777c3ba97d4889d9560ece56bde) Importer(815301076,1909f56bfc062723c751e8b465ee728b)
Start importing Assets/PolygonWestern/trains/SM_Env_Train_Track_Curve_01.prefab using Guid(fdfe0777c3ba97d4889d9560ece56bde) Importer(815301076,1909f56bfc062723c751e8b465ee728b)  -> (artifact id: '0654798f14c9d62ad5041ca27e326a93') in 0.021525 seconds
  Import took 0.024823 seconds .

